0 verbose cli C:\Program Files\nodejs\node.exe C:\Program Files\nodejs\node_modules\npm\bin\npm-cli.js
1 info using npm@11.12.1
2 info using node@v24.15.0
3 silly config load:file:C:\Program Files\nodejs\node_modules\npm\npmrc
4 silly config load:file:C:\Users\pc\Downloads\vjs\frontend\.npmrc
5 silly config load:file:C:\Users\pc\.npmrc
6 silly config load:file:C:\Users\pc\AppData\Roaming\npm\etc\npmrc
7 verbose title npm audit
8 verbose argv "audit" "--cache" "C:\\Users\\pc\\Downloads\\vjs\\.tmp\\npm-cache"
9 verbose logfile logs-max:10 dir:C:\Users\pc\Downloads\vjs\.tmp\npm-cache\_logs\2026-06-19T00_57_40_968Z-
10 verbose logfile C:\Users\pc\Downloads\vjs\.tmp\npm-cache\_logs\2026-06-19T00_57_40_968Z-debug-0.log
11 silly logfile start cleaning logs, removing 1 files
12 silly packumentCache heap:4496293888 maxSize:1124073472 maxEntrySize:562036736
13 silly logfile done cleaning log files
14 silly audit bulk request {
14 silly audit   '@alloc/quick-lru': [ '5.2.0' ],
14 silly audit   '@babel/helper-string-parser': [ '7.29.7' ],
14 silly audit   '@babel/helper-validator-identifier': [ '7.29.7' ],
14 silly audit   '@babel/parser': [ '7.29.7' ],
14 silly audit   '@babel/types': [ '7.29.7' ],
14 silly audit   '@esbuild/aix-ppc64': [ '0.25.12' ],
14 silly audit   '@esbuild/android-arm': [ '0.25.12' ],
14 silly audit   '@esbuild/android-arm64': [ '0.25.12' ],
14 silly audit   '@esbuild/android-x64': [ '0.25.12' ],
14 silly audit   '@esbuild/darwin-arm64': [ '0.25.12' ],
14 silly audit   '@esbuild/darwin-x64': [ '0.25.12' ],
14 silly audit   '@esbuild/freebsd-arm64': [ '0.25.12' ],
14 silly audit   '@esbuild/freebsd-x64': [ '0.25.12' ],
14 silly audit   '@esbuild/linux-arm': [ '0.25.12' ],
14 silly audit   '@esbuild/linux-arm64': [ '0.25.12' ],
14 silly audit   '@esbuild/linux-ia32': [ '0.25.12' ],
14 silly audit   '@esbuild/linux-loong64': [ '0.25.12' ],
14 silly audit   '@esbuild/linux-mips64el': [ '0.25.12' ],
14 silly audit   '@esbuild/linux-ppc64': [ '0.25.12' ],
14 silly audit   '@esbuild/linux-riscv64': [ '0.25.12' ],
14 silly audit   '@esbuild/linux-s390x': [ '0.25.12' ],
14 silly audit   '@esbuild/linux-x64': [ '0.25.12' ],
14 silly audit   '@esbuild/netbsd-arm64': [ '0.25.12' ],
14 silly audit   '@esbuild/netbsd-x64': [ '0.25.12' ],
14 silly audit   '@esbuild/openbsd-arm64': [ '0.25.12' ],
14 silly audit   '@esbuild/openbsd-x64': [ '0.25.12' ],
14 silly audit   '@esbuild/openharmony-arm64': [ '0.25.12' ],
14 silly audit   '@esbuild/sunos-x64': [ '0.25.12' ],
14 silly audit   '@esbuild/win32-arm64': [ '0.25.12' ],
14 silly audit   '@esbuild/win32-ia32': [ '0.25.12' ],
14 silly audit   '@esbuild/win32-x64': [ '0.25.12' ],
14 silly audit   '@eslint-community/eslint-utils': [ '4.9.1' ],
14 silly audit   '@eslint-community/regexpp': [ '4.12.2' ],
14 silly audit   '@eslint/config-array': [ '0.21.2' ],
14 silly audit   'balanced-match': [ '1.0.2', '4.0.4' ],
14 silly audit   'brace-expansion': [ '1.1.15', '2.1.1', '5.0.6' ],
14 silly audit   minimatch: [ '3.1.5', '9.0.9', '10.2.5' ],
14 silly audit   '@eslint/config-helpers': [ '0.4.2' ],
14 silly audit   '@eslint/core': [ '0.17.0' ],
14 silly audit   '@eslint/eslintrc': [ '3.3.5' ],
14 silly audit   ignore: [ '5.3.2', '7.0.5' ],
14 silly audit   '@eslint/js': [ '9.39.4' ],
14 silly audit   '@eslint/object-schema': [ '2.1.7' ],
14 silly audit   '@eslint/plugin-kit': [ '0.4.1' ],
14 silly audit   '@humanfs/core': [ '0.19.2' ],
14 silly audit   '@humanfs/node': [ '0.16.8' ],
14 silly audit   '@humanfs/types': [ '0.15.0' ],
14 silly audit   '@humanwhocodes/module-importer': [ '1.0.1' ],
14 silly audit   '@humanwhocodes/retry': [ '0.4.3' ],
14 silly audit   '@jridgewell/gen-mapping': [ '0.3.13' ],
14 silly audit   '@jridgewell/resolve-uri': [ '3.1.2' ],
14 silly audit   '@jridgewell/sourcemap-codec': [ '1.5.5' ],
14 silly audit   '@jridgewell/trace-mapping': [ '0.3.31' ],
14 silly audit   '@nodelib/fs.scandir': [ '2.1.5' ],
14 silly audit   '@nodelib/fs.stat': [ '2.0.5' ],
14 silly audit   '@nodelib/fs.walk': [ '1.2.8' ],
14 silly audit   '@rollup/rollup-android-arm-eabi': [ '4.62.0' ],
14 silly audit   '@rollup/rollup-android-arm64': [ '4.62.0' ],
14 silly audit   '@rollup/rollup-darwin-arm64': [ '4.62.0' ],
14 silly audit   '@rollup/rollup-darwin-x64': [ '4.62.0' ],
14 silly audit   '@rollup/rollup-freebsd-arm64': [ '4.62.0' ],
14 silly audit   '@rollup/rollup-freebsd-x64': [ '4.62.0' ],
14 silly audit   '@rollup/rollup-linux-arm-gnueabihf': [ '4.62.0' ],
14 silly audit   '@rollup/rollup-linux-arm-musleabihf': [ '4.62.0' ],
14 silly audit   '@rollup/rollup-linux-arm64-gnu': [ '4.62.0' ],
14 silly audit   '@rollup/rollup-linux-arm64-musl': [ '4.62.0' ],
14 silly audit   '@rollup/rollup-linux-loong64-gnu': [ '4.62.0' ],
14 silly audit   '@rollup/rollup-linux-loong64-musl': [ '4.62.0' ],
14 silly audit   '@rollup/rollup-linux-ppc64-gnu': [ '4.62.0' ],
14 silly audit   '@rollup/rollup-linux-ppc64-musl': [ '4.62.0' ],
14 silly audit   '@rollup/rollup-linux-riscv64-gnu': [ '4.62.0' ],
14 silly audit   '@rollup/rollup-linux-riscv64-musl': [ '4.62.0' ],
14 silly audit   '@rollup/rollup-linux-s390x-gnu': [ '4.62.0' ],
14 silly audit   '@rollup/rollup-linux-x64-gnu': [ '4.62.0' ],
14 silly audit   '@rollup/rollup-linux-x64-musl': [ '4.62.0' ],
14 silly audit   '@rollup/rollup-openbsd-x64': [ '4.62.0' ],
14 silly audit   '@rollup/rollup-openharmony-arm64': [ '4.62.0' ],
14 silly audit   '@rollup/rollup-win32-arm64-msvc': [ '4.62.0' ],
14 silly audit   '@rollup/rollup-win32-ia32-msvc': [ '4.62.0' ],
14 silly audit   '@rollup/rollup-win32-x64-gnu': [ '4.62.0' ],
14 silly audit   '@rollup/rollup-win32-x64-msvc': [ '4.62.0' ],
14 silly audit   '@tsconfig/node20': [ '20.1.9' ],
14 silly audit   '@types/estree': [ '1.0.9' ],
14 silly audit   '@types/json-schema': [ '7.0.15' ],
14 silly audit   '@types/node': [ '22.19.21' ],
14 silly audit   '@typescript-eslint/eslint-plugin': [ '8.61.1' ],
14 silly audit   '@typescript-eslint/parser': [ '8.61.1' ],
14 silly audit   '@typescript-eslint/project-service': [ '8.61.1' ],
14 silly audit   '@typescript-eslint/scope-manager': [ '8.61.1' ],
14 silly audit   '@typescript-eslint/tsconfig-utils': [ '8.61.1' ],
14 silly audit   '@typescript-eslint/type-utils': [ '8.61.1' ],
14 silly audit   '@typescript-eslint/types': [ '8.61.1' ],
14 silly audit   '@typescript-eslint/typescript-estree': [ '8.61.1' ],
14 silly audit   '@typescript-eslint/utils': [ '8.61.1' ],
14 silly audit   '@typescript-eslint/visitor-keys': [ '8.61.1' ],
14 silly audit   'eslint-visitor-keys': [ '5.0.1', '3.4.3', '4.2.1' ],
14 silly audit   '@vitejs/plugin-vue': [ '5.2.4' ],
14 silly audit   '@volar/language-core': [ '2.4.15' ],
14 silly audit   '@volar/source-map': [ '2.4.15' ],
14 silly audit   '@volar/typescript': [ '2.4.15' ],
14 silly audit   '@vue/compiler-core': [ '3.5.38' ],
14 silly audit   '@vue/compiler-dom': [ '3.5.38' ],
14 silly audit   '@vue/compiler-sfc': [ '3.5.38' ],
14 silly audit   '@vue/compiler-ssr': [ '3.5.38' ],
14 silly audit   '@vue/compiler-vue2': [ '2.7.16' ],
14 silly audit   '@vue/devtools-api': [ '6.6.4' ],
14 silly audit   '@vue/eslint-config-typescript': [ '14.8.0' ],
14 silly audit   '@vue/language-core': [ '2.2.12' ],
14 silly audit   '@vue/reactivity': [ '3.5.38' ],
14 silly audit   '@vue/runtime-core': [ '3.5.38' ],
14 silly audit   '@vue/runtime-dom': [ '3.5.38' ],
14 silly audit   '@vue/server-renderer': [ '3.5.38' ],
14 silly audit   '@vue/shared': [ '3.5.38' ],
14 silly audit   '@vue/tsconfig': [ '0.7.0' ],
14 silly audit   acorn: [ '8.17.0' ],
14 silly audit   'acorn-jsx': [ '5.3.2' ],
14 silly audit   ajv: [ '6.15.0' ],
14 silly audit   'alien-signals': [ '1.0.13' ],
14 silly audit   'ansi-styles': [ '4.3.0' ],
14 silly audit   'any-promise': [ '1.3.0' ],
14 silly audit   anymatch: [ '3.1.3' ],
14 silly audit   arg: [ '5.0.2' ],
14 silly audit   argparse: [ '2.0.1' ],
14 silly audit   autoprefixer: [ '10.5.0' ],
14 silly audit   'baseline-browser-mapping': [ '2.10.38' ],
14 silly audit   'binary-extensions': [ '2.3.0' ],
14 silly audit   boolbase: [ '1.0.0' ],
14 silly audit   braces: [ '3.0.3' ],
14 silly audit   browserslist: [ '4.28.2' ],
14 silly audit   callsites: [ '3.1.0' ],
14 silly audit   'camelcase-css': [ '2.0.1' ],
14 silly audit   'caniuse-lite': [ '1.0.30001799' ],
14 silly audit   chalk: [ '4.1.2' ],
14 silly audit   chokidar: [ '3.6.0' ],
14 silly audit   'glob-parent': [ '5.1.2', '6.0.2' ],
14 silly audit   'color-convert': [ '2.0.1' ],
14 silly audit   'color-name': [ '1.1.4' ],
14 silly audit   commander: [ '4.1.1' ],
14 silly audit   'concat-map': [ '0.0.1' ],
14 silly audit   'cross-spawn': [ '7.0.6' ],
14 silly audit   cssesc: [ '3.0.0' ],
14 silly audit   csstype: [ '3.2.3' ],
14 silly audit   'de-indent': [ '1.0.2' ],
14 silly audit   debug: [ '4.4.3' ],
14 silly audit   'deep-is': [ '0.1.4' ],
14 silly audit   didyoumean: [ '1.2.2' ],
14 silly audit   dlv: [ '1.1.3' ],
14 silly audit   'electron-to-chromium': [ '1.5.375' ],
14 silly audit   entities: [ '7.0.1' ],
14 silly audit   'es-errors': [ '1.3.0' ],
14 silly audit   esbuild: [ '0.25.12' ],
14 silly audit   escalade: [ '3.2.0' ],
14 silly audit   'escape-string-regexp': [ '4.0.0' ],
14 silly audit   eslint: [ '9.39.4' ],
14 silly audit   'eslint-config-prettier': [ '9.1.2' ],
14 silly audit   'eslint-plugin-vue': [ '9.33.0' ],
14 silly audit   'eslint-scope': [ '7.2.2', '8.4.0' ],
14 silly audit   espree: [ '9.6.1', '10.4.0' ],
14 silly audit   globals: [ '13.24.0', '14.0.0' ],
14 silly audit   'vue-eslint-parser': [ '9.4.3', '10.4.1' ],
14 silly audit   esquery: [ '1.7.0' ],
14 silly audit   esrecurse: [ '4.3.0' ],
14 silly audit   estraverse: [ '5.3.0' ],
14 silly audit   'estree-walker': [ '2.0.2' ],
14 silly audit   esutils: [ '2.0.3' ],
14 silly audit   'fast-deep-equal': [ '3.1.3' ],
14 silly audit   'fast-glob': [ '3.3.3' ],
14 silly audit   'fast-json-stable-stringify': [ '2.1.0' ],
14 silly audit   'fast-levenshtein': [ '2.0.6' ],
14 silly audit   fastq: [ '1.20.1' ],
14 silly audit   'file-entry-cache': [ '8.0.0' ],
14 silly audit   'fill-range': [ '7.1.1' ],
14 silly audit   'find-up': [ '5.0.0' ],
14 silly audit   'flat-cache': [ '4.0.1' ],
14 silly audit   flatted: [ '3.4.2' ],
14 silly audit   'fraction.js': [ '5.3.4' ],
14 silly audit   fsevents: [ '2.3.3' ],
14 silly audit   'function-bind': [ '1.1.2' ],
14 silly audit   'has-flag': [ '4.0.0' ],
14 silly audit   hasown: [ '2.0.4' ],
14 silly audit   he: [ '1.2.0' ],
14 silly audit   'import-fresh': [ '3.3.1' ],
14 silly audit   imurmurhash: [ '0.1.4' ],
14 silly audit   'is-binary-path': [ '2.1.0' ],
14 silly audit   'is-core-module': [ '2.16.2' ],
14 silly audit   'is-extglob': [ '2.1.1' ],
14 silly audit   'is-glob': [ '4.0.3' ],
14 silly audit   'is-number': [ '7.0.0' ],
14 silly audit   isexe: [ '2.0.0' ],
14 silly audit   jiti: [ '1.21.7' ],
14 silly audit   'js-yaml': [ '4.2.0' ],
14 silly audit   'json-buffer': [ '3.0.1' ],
14 silly audit   'json-schema-traverse': [ '0.4.1' ],
14 silly audit   'json-stable-stringify-without-jsonify': [ '1.0.1' ],
14 silly audit   keyv: [ '4.5.4' ],
14 silly audit   levn: [ '0.4.1' ],
14 silly audit   lilconfig: [ '3.1.3' ],
14 silly audit   'lines-and-columns': [ '1.2.4' ],
14 silly audit   'locate-path': [ '6.0.0' ],
14 silly audit   lodash: [ '4.18.1' ],
14 silly audit   'lodash.merge': [ '4.6.2' ],
14 silly audit   'lucide-vue-next': [ '0.468.0' ],
14 silly audit   'magic-string': [ '0.30.21' ],
14 silly audit   merge2: [ '1.4.1' ],
14 silly audit   micromatch: [ '4.0.8' ],
14 silly audit   ms: [ '2.1.3' ],
14 silly audit   'muggle-string': [ '0.4.1' ],
14 silly audit   mz: [ '2.7.0' ],
14 silly audit   nanoid: [ '3.3.12' ],
14 silly audit   'natural-compare': [ '1.4.0' ],
14 silly audit   'node-releases': [ '2.0.48' ],
14 silly audit   'normalize-path': [ '3.0.0' ],
14 silly audit   'nth-check': [ '2.1.1' ],
14 silly audit   'object-assign': [ '4.1.1' ],
14 silly audit   'object-hash': [ '3.0.0' ],
14 silly audit   optionator: [ '0.9.4' ],
14 silly audit   'p-limit': [ '3.1.0' ],
14 silly audit   'p-locate': [ '5.0.0' ],
14 silly audit   'parent-module': [ '1.0.1' ],
14 silly audit   'path-browserify': [ '1.0.1' ],
14 silly audit   'path-exists': [ '4.0.0' ],
14 silly audit   'path-key': [ '3.1.1' ],
14 silly audit   'path-parse': [ '1.0.7' ],
14 silly audit   picocolors: [ '1.1.1' ],
14 silly audit   picomatch: [ '2.3.2', '4.0.4' ],
14 silly audit   pify: [ '2.3.0' ],
14 silly audit   pinia: [ '2.3.1' ],
14 silly audit   pirates: [ '4.0.7' ],
14 silly audit   postcss: [ '8.5.15' ],
14 silly audit   'postcss-import': [ '15.1.0' ],
14 silly audit   'postcss-js': [ '4.1.0' ],
14 silly audit   'postcss-load-config': [ '6.0.1' ],
14 silly audit   'postcss-nested': [ '6.2.0' ],
14 silly audit   'postcss-selector-parser': [ '6.1.4' ],
14 silly audit   'postcss-value-parser': [ '4.2.0' ],
14 silly audit   'prelude-ls': [ '1.2.1' ],
14 silly audit   prettier: [ '3.8.4' ],
14 silly audit   punycode: [ '2.3.1' ],
14 silly audit   'queue-microtask': [ '1.2.3' ],
14 silly audit   'read-cache': [ '1.0.0' ],
14 silly audit   readdirp: [ '3.6.0' ],
14 silly audit   resolve: [ '1.22.12' ],
14 silly audit   'resolve-from': [ '4.0.0' ],
14 silly audit   reusify: [ '1.1.0' ],
14 silly audit   rollup: [ '4.62.0' ],
14 silly audit   'run-parallel': [ '1.2.0' ],
14 silly audit   semver: [ '7.8.4' ],
14 silly audit   'shebang-command': [ '2.0.0' ],
14 silly audit   'shebang-regex': [ '3.0.0' ],
14 silly audit   'source-map-js': [ '1.2.1' ],
14 silly audit   'strip-json-comments': [ '3.1.1' ],
14 silly audit   sucrase: [ '3.35.1' ],
14 silly audit   'supports-color': [ '7.2.0' ],
14 silly audit   'supports-preserve-symlinks-flag': [ '1.0.0' ],
14 silly audit   tailwindcss: [ '3.4.19' ],
14 silly audit   thenify: [ '3.3.1' ],
14 silly audit   'thenify-all': [ '1.6.0' ],
14 silly audit   tinyglobby: [ '0.2.17' ],
14 silly audit   fdir: [ '6.5.0' ],
14 silly audit   'to-regex-range': [ '5.0.1' ],
14 silly audit   'ts-api-utils': [ '2.5.0' ],
14 silly audit   'ts-interface-checker': [ '0.1.13' ],
14 silly audit   'type-check': [ '0.4.0' ],
14 silly audit   'type-fest': [ '0.20.2' ],
14 silly audit   typescript: [ '5.9.3' ],
14 silly audit   'typescript-eslint': [ '8.61.1' ],
14 silly audit   'undici-types': [ '6.21.0' ],
14 silly audit   'update-browserslist-db': [ '1.2.3' ],
14 silly audit   'uri-js': [ '4.4.1' ],
14 silly audit   'util-deprecate': [ '1.0.2' ],
14 silly audit   vite: [ '6.4.3' ],
14 silly audit   'vscode-uri': [ '3.1.0' ],
14 silly audit   vue: [ '3.5.38' ],
14 silly audit   'vue-demi': [ '0.14.10' ],
14 silly audit   'vue-router': [ '4.6.4' ],
14 silly audit   'vue-tsc': [ '2.2.12' ],
14 silly audit   which: [ '2.0.2' ],
14 silly audit   'word-wrap': [ '1.2.5' ],
14 silly audit   'xml-name-validator': [ '4.0.0' ],
14 silly audit   'yocto-queue': [ '0.1.0' ]
14 silly audit }
15 http fetch POST 200 https://registry.npmjs.org/-/npm/v1/security/advisories/bulk 463ms
16 silly audit report {}
17 verbose cwd C:\Users\pc\Downloads\vjs\frontend
18 verbose os Windows_NT 10.0.26200
19 verbose node v24.15.0
20 verbose npm  v11.12.1
21 verbose exit 0
22 info ok
