0 verbose cli C:\Program Files\nodejs\node.exe C:\Program Files\nodejs\node_modules\npm\bin\npm-cli.js
1 info using npm@11.12.1
2 info using node@v24.15.0
3 silly config load:file:C:\Program Files\nodejs\node_modules\npm\npmrc
4 silly config load:file:C:\Users\pc\Downloads\vjs\backend\.npmrc
5 silly config load:file:C:\Users\pc\.npmrc
6 silly config load:file:C:\Users\pc\AppData\Roaming\npm\etc\npmrc
7 verbose title npm install @nestjs/common@latest @nestjs/core@latest @nestjs/platform-express@latest @nestjs/mapped-types@latest @nestjs/cli@latest @nestjs/schematics@latest @nestjs/testing@latest
8 verbose argv "install" "@nestjs/common@latest" "@nestjs/core@latest" "@nestjs/platform-express@latest" "@nestjs/mapped-types@latest" "@nestjs/cli@latest" "@nestjs/schematics@latest" "@nestjs/testing@latest" "--cache" "C:\\Users\\pc\\Downloads\\vjs\\.tmp\\npm-cache"
9 verbose logfile logs-max:10 dir:C:\Users\pc\Downloads\vjs\.tmp\npm-cache\_logs\2026-06-19T00_55_51_465Z-
10 verbose logfile C:\Users\pc\Downloads\vjs\.tmp\npm-cache\_logs\2026-06-19T00_55_51_465Z-debug-0.log
11 silly logfile done cleaning log files
12 silly packumentCache heap:4496293888 maxSize:1124073472 maxEntrySize:562036736
13 silly packumentCache corgi:https://registry.npmjs.org/@nestjs%2fcommon cache-miss
14 silly packumentCache corgi:https://registry.npmjs.org/@nestjs%2fcore cache-miss
15 silly packumentCache corgi:https://registry.npmjs.org/@nestjs%2fplatform-express cache-miss
16 silly packumentCache corgi:https://registry.npmjs.org/@nestjs%2fmapped-types cache-miss
17 silly packumentCache corgi:https://registry.npmjs.org/@nestjs%2fcli cache-miss
18 silly packumentCache corgi:https://registry.npmjs.org/@nestjs%2fschematics cache-miss
19 silly packumentCache corgi:https://registry.npmjs.org/@nestjs%2ftesting cache-miss
20 http cache https://registry.npmjs.org/@nestjs%2fcommon 97ms (cache hit)
21 silly packumentCache corgi:https://registry.npmjs.org/@nestjs%2fcommon set size:581039 disposed:false
22 http cache https://registry.npmjs.org/@nestjs%2fmapped-types 99ms (cache hit)
23 silly packumentCache corgi:https://registry.npmjs.org/@nestjs%2fmapped-types set size:50012 disposed:false
24 http cache https://registry.npmjs.org/@nestjs%2fcore 102ms (cache hit)
25 silly packumentCache corgi:https://registry.npmjs.org/@nestjs%2fcore set size:669065 disposed:false
26 http cache https://registry.npmjs.org/@nestjs%2fplatform-express 105ms (cache hit)
27 silly packumentCache corgi:https://registry.npmjs.org/@nestjs%2fplatform-express set size:453634 disposed:false
28 http cache https://registry.npmjs.org/@nestjs%2ftesting 107ms (cache hit)
29 silly packumentCache corgi:https://registry.npmjs.org/@nestjs%2ftesting set size:539266 disposed:false
30 http cache https://registry.npmjs.org/@nestjs%2fschematics 116ms (cache hit)
31 silly packumentCache corgi:https://registry.npmjs.org/@nestjs%2fschematics set size:262738 disposed:false
32 http cache https://registry.npmjs.org/@nestjs%2fcli 119ms (cache hit)
33 silly packumentCache corgi:https://registry.npmjs.org/@nestjs%2fcli set size:574676 disposed:false
34 silly idealTree buildDeps
35 silly fetch manifest @nestjs/common@11.1.27
36 silly packumentCache full:https://registry.npmjs.org/@nestjs%2fcommon cache-miss
37 http cache https://registry.npmjs.org/@nestjs%2fcommon 13ms (cache hit)
38 silly packumentCache full:https://registry.npmjs.org/@nestjs%2fcommon set size:932751 disposed:false
39 silly fetch manifest class-transformer@^0.5.1
40 silly packumentCache full:https://registry.npmjs.org/class-transformer cache-miss
41 http cache https://registry.npmjs.org/class-transformer 7ms (cache hit)
42 silly packumentCache full:https://registry.npmjs.org/class-transformer set size:106571 disposed:false
43 silly fetch manifest class-validator@^0.14.1
44 silly packumentCache full:https://registry.npmjs.org/class-validator cache-miss
45 http cache https://registry.npmjs.org/class-validator 9ms (cache hit)
46 silly packumentCache full:https://registry.npmjs.org/class-validator set size:223768 disposed:false
47 silly fetch manifest reflect-metadata@^0.2.2
48 silly packumentCache full:https://registry.npmjs.org/reflect-metadata cache-miss
49 http cache https://registry.npmjs.org/reflect-metadata 6ms (cache hit)
50 silly packumentCache full:https://registry.npmjs.org/reflect-metadata set size:61305 disposed:false
51 silly fetch manifest rxjs@^7.8.1
52 silly packumentCache full:https://registry.npmjs.org/rxjs cache-miss
53 http cache https://registry.npmjs.org/rxjs 8ms (cache hit)
54 silly packumentCache full:https://registry.npmjs.org/rxjs set size:980097 disposed:false
55 silly fetch manifest @nestjs/core@11.1.27
56 silly packumentCache full:https://registry.npmjs.org/@nestjs%2fcore cache-miss
57 http cache https://registry.npmjs.org/@nestjs%2fcore 12ms (cache hit)
58 silly packumentCache full:https://registry.npmjs.org/@nestjs%2fcore set size:1074113 disposed:false
59 silly fetch manifest @nestjs/microservices@^11.0.0
60 silly packumentCache full:https://registry.npmjs.org/@nestjs%2fmicroservices cache-miss
61 http cache https://registry.npmjs.org/@nestjs%2fmicroservices 8ms (cache hit)
62 silly packumentCache full:https://registry.npmjs.org/@nestjs%2fmicroservices set size:1028373 disposed:false
63 silly fetch manifest @grpc/grpc-js@*
64 silly packumentCache full:https://registry.npmjs.org/@grpc%2fgrpc-js cache-miss
65 http cache https://registry.npmjs.org/@grpc%2fgrpc-js 9ms (cache hit)
66 silly packumentCache full:https://registry.npmjs.org/@grpc%2fgrpc-js set size:674221 disposed:false
67 silly fetch manifest @nestjs/websockets@^11.0.0
68 silly packumentCache full:https://registry.npmjs.org/@nestjs%2fwebsockets cache-miss
69 http cache https://registry.npmjs.org/@nestjs%2fwebsockets 10ms (cache hit)
70 silly packumentCache full:https://registry.npmjs.org/@nestjs%2fwebsockets set size:879157 disposed:false
71 silly fetch manifest @nestjs/platform-socket.io@^11.0.0
72 silly packumentCache full:https://registry.npmjs.org/@nestjs%2fplatform-socket.io cache-miss
73 http cache https://registry.npmjs.org/@nestjs%2fplatform-socket.io 18ms (cache hit)
74 silly packumentCache full:https://registry.npmjs.org/@nestjs%2fplatform-socket.io set size:736652 disposed:false
75 silly fetch manifest amqp-connection-manager@*
76 silly packumentCache full:https://registry.npmjs.org/amqp-connection-manager cache-miss
77 http cache https://registry.npmjs.org/amqp-connection-manager 7ms (cache hit)
78 silly packumentCache full:https://registry.npmjs.org/amqp-connection-manager set size:260264 disposed:false
79 silly fetch manifest amqplib@*
80 silly packumentCache full:https://registry.npmjs.org/amqplib cache-miss
81 http cache https://registry.npmjs.org/amqplib 6ms (cache hit)
82 silly packumentCache full:https://registry.npmjs.org/amqplib set size:110182 disposed:false
83 silly fetch manifest cache-manager@*
84 silly packumentCache full:https://registry.npmjs.org/cache-manager cache-miss
85 http cache https://registry.npmjs.org/cache-manager 7ms (cache hit)
86 silly packumentCache full:https://registry.npmjs.org/cache-manager set size:325685 disposed:false
87 silly fetch manifest ioredis@*
88 silly packumentCache full:https://registry.npmjs.org/ioredis cache-miss
89 http cache https://registry.npmjs.org/ioredis 8ms (cache hit)
90 silly packumentCache full:https://registry.npmjs.org/ioredis set size:851250 disposed:false
91 silly fetch manifest kafkajs@*
92 silly packumentCache full:https://registry.npmjs.org/kafkajs cache-miss
93 http cache https://registry.npmjs.org/kafkajs 40ms (cache hit)
94 silly packumentCache full:https://registry.npmjs.org/kafkajs set size:3133174 disposed:false
95 silly fetch manifest mqtt@*
96 silly packumentCache full:https://registry.npmjs.org/mqtt cache-miss
97 http cache https://registry.npmjs.org/mqtt 26ms (cache hit)
98 silly packumentCache full:https://registry.npmjs.org/mqtt set size:816276 disposed:false
99 silly fetch manifest nats@*
100 silly packumentCache full:https://registry.npmjs.org/nats cache-miss
101 http cache https://registry.npmjs.org/nats 11ms (cache hit)
102 silly packumentCache full:https://registry.npmjs.org/nats set size:792333 disposed:false
103 silly fetch manifest @nestjs/platform-express@11.1.27
104 silly packumentCache full:https://registry.npmjs.org/@nestjs%2fplatform-express cache-miss
105 http cache https://registry.npmjs.org/@nestjs%2fplatform-express 20ms (cache hit)
106 silly packumentCache full:https://registry.npmjs.org/@nestjs%2fplatform-express set size:769829 disposed:false
107 silly fetch manifest @nestjs/mapped-types@2.1.1
108 silly packumentCache full:https://registry.npmjs.org/@nestjs%2fmapped-types cache-miss
109 http fetch GET 200 https://registry.npmjs.org/@nestjs%2fmapped-types 666ms (cache miss)
110 silly packumentCache full:https://registry.npmjs.org/@nestjs%2fmapped-types set size:undefined disposed:false
111 silly fetch manifest @nestjs/cli@11.0.23
112 silly packumentCache full:https://registry.npmjs.org/@nestjs%2fcli cache-miss
113 http cache https://registry.npmjs.org/@nestjs%2fcli 14ms (cache hit)
114 silly packumentCache full:https://registry.npmjs.org/@nestjs%2fcli set size:959346 disposed:false
115 silly fetch manifest @swc/cli@^0.1.62 || ^0.3.0 || ^0.4.0 || ^0.5.0 || ^0.6.0 || ^0.7.0 || ^0.8.0
116 silly packumentCache full:https://registry.npmjs.org/@swc%2fcli cache-miss
117 http cache https://registry.npmjs.org/@swc%2fcli 7ms (cache hit)
118 silly packumentCache full:https://registry.npmjs.org/@swc%2fcli set size:245613 disposed:false
119 silly fetch manifest @swc/core@^1.2.66
120 silly packumentCache full:https://registry.npmjs.org/@swc%2fcore cache-miss
121 http cache https://registry.npmjs.org/@swc%2fcore 16ms (cache hit)
122 silly packumentCache full:https://registry.npmjs.org/@swc%2fcore set size:4041514 disposed:false
123 silly fetch manifest @swc/helpers@>=0.5.17
124 silly packumentCache full:https://registry.npmjs.org/@swc%2fhelpers cache-miss
125 http cache https://registry.npmjs.org/@swc%2fhelpers 13ms (cache hit)
126 silly packumentCache full:https://registry.npmjs.org/@swc%2fhelpers set size:775458 disposed:false
127 silly fetch manifest chokidar@^5.0.0
128 silly packumentCache full:https://registry.npmjs.org/chokidar cache-miss
129 http cache https://registry.npmjs.org/chokidar 6ms (cache hit)
130 silly packumentCache full:https://registry.npmjs.org/chokidar set size:255902 disposed:false
131 silly fetch manifest @nestjs/schematics@11.1.0
132 silly packumentCache full:https://registry.npmjs.org/@nestjs%2fschematics cache-miss
133 http cache https://registry.npmjs.org/@nestjs%2fschematics 7ms (cache hit)
134 silly packumentCache full:https://registry.npmjs.org/@nestjs%2fschematics set size:544066 disposed:false
135 silly fetch manifest prettier@^3.4.2
136 silly packumentCache full:https://registry.npmjs.org/prettier cache-miss
137 http cache https://registry.npmjs.org/prettier 6ms (cache hit)
138 silly packumentCache full:https://registry.npmjs.org/prettier set size:670758 disposed:false
139 silly fetch manifest typescript@^5.7.2
140 silly packumentCache full:https://registry.npmjs.org/typescript cache-miss
141 http cache https://registry.npmjs.org/typescript 37ms (cache hit)
142 silly packumentCache full:https://registry.npmjs.org/typescript set size:15410956 disposed:false
143 silly fetch manifest @nestjs/testing@11.1.27
144 silly packumentCache full:https://registry.npmjs.org/@nestjs%2ftesting cache-miss
145 http cache https://registry.npmjs.org/@nestjs%2ftesting 7ms (cache hit)
146 silly packumentCache full:https://registry.npmjs.org/@nestjs%2ftesting set size:867252 disposed:false
147 silly placeDep ROOT @nestjs/cli@11.0.23 REPLACE for: velora-commerce-backend@1.0.0 want: 11.0.23
148 silly placeDep ROOT @nestjs/common@11.1.27 REPLACE for: velora-commerce-backend@1.0.0 want: 11.1.27
149 silly placeDep ROOT @nestjs/core@11.1.27 REPLACE for: velora-commerce-backend@1.0.0 want: 11.1.27
150 silly placeDep ROOT @nestjs/mapped-types@2.1.1 REPLACE for: velora-commerce-backend@1.0.0 want: 2.1.1
151 silly placeDep ROOT @nestjs/platform-express@11.1.27 REPLACE for: velora-commerce-backend@1.0.0 want: 11.1.27
152 silly placeDep ROOT @nestjs/schematics@11.1.0 REPLACE for: velora-commerce-backend@1.0.0 want: 11.1.0
153 silly placeDep ROOT @nestjs/testing@11.1.27 REPLACE for: velora-commerce-backend@1.0.0 want: 11.1.27
154 silly fetch manifest file-type@21.3.4
155 silly packumentCache full:https://registry.npmjs.org/file-type cache-miss
156 silly fetch manifest load-esm@1.0.3
157 silly packumentCache full:https://registry.npmjs.org/load-esm cache-miss
158 http cache https://registry.npmjs.org/file-type 8ms (cache hit)
159 silly packumentCache full:https://registry.npmjs.org/file-type set size:558008 disposed:false
160 http fetch GET 200 https://registry.npmjs.org/load-esm 249ms (cache miss)
161 silly packumentCache full:https://registry.npmjs.org/load-esm set size:undefined disposed:false
162 silly placeDep ROOT file-type@21.3.4 OK for: @nestjs/common@11.1.27 want: 21.3.4
163 silly placeDep ROOT load-esm@1.0.3 OK for: @nestjs/common@11.1.27 want: 1.0.3
164 silly fetch manifest strtok3@^10.3.4
165 silly packumentCache full:https://registry.npmjs.org/strtok3 cache-miss
166 silly fetch manifest token-types@^6.1.1
167 silly packumentCache full:https://registry.npmjs.org/token-types cache-miss
168 silly fetch manifest uint8array-extras@^1.4.0
169 silly packumentCache full:https://registry.npmjs.org/uint8array-extras cache-miss
170 silly fetch manifest @tokenizer/inflate@^0.4.1
171 silly packumentCache full:https://registry.npmjs.org/@tokenizer%2finflate cache-miss
172 http fetch GET 200 https://registry.npmjs.org/strtok3 316ms (cache miss)
173 silly packumentCache full:https://registry.npmjs.org/strtok3 set size:undefined disposed:false
174 http fetch GET 200 https://registry.npmjs.org/uint8array-extras 457ms (cache miss)
175 silly packumentCache full:https://registry.npmjs.org/uint8array-extras set size:undefined disposed:false
176 http fetch GET 200 https://registry.npmjs.org/token-types 459ms (cache miss)
177 silly packumentCache full:https://registry.npmjs.org/token-types set size:undefined disposed:false
178 http fetch GET 200 https://registry.npmjs.org/@tokenizer%2finflate 680ms (cache miss)
179 silly packumentCache full:https://registry.npmjs.org/@tokenizer%2finflate set size:undefined disposed:false
180 silly placeDep ROOT @tokenizer/inflate@0.4.1 OK for: file-type@21.3.4 want: ^0.4.1
181 silly placeDep ROOT strtok3@10.3.5 OK for: file-type@21.3.4 want: ^10.3.4
182 silly placeDep ROOT token-types@6.1.2 OK for: file-type@21.3.4 want: ^6.1.1
183 silly placeDep ROOT uint8array-extras@1.5.0 OK for: file-type@21.3.4 want: ^1.4.0
184 silly fetch manifest @tokenizer/token@^0.3.0
185 silly packumentCache full:https://registry.npmjs.org/@tokenizer%2ftoken cache-miss
186 silly fetch manifest @borewit/text-codec@^0.2.1
187 silly packumentCache full:https://registry.npmjs.org/@borewit%2ftext-codec cache-miss
188 silly fetch manifest @tokenizer/token@^0.3.0
189 silly packumentCache full:https://registry.npmjs.org/@tokenizer%2ftoken cache-miss
190 http fetch GET 200 https://registry.npmjs.org/@tokenizer%2ftoken 620ms (cache miss)
191 silly packumentCache full:https://registry.npmjs.org/@tokenizer%2ftoken set size:undefined disposed:false
192 http fetch GET 200 https://registry.npmjs.org/@borewit%2ftext-codec 623ms (cache miss)
193 silly packumentCache full:https://registry.npmjs.org/@borewit%2ftext-codec set size:undefined disposed:false
194 http fetch GET 200 https://registry.npmjs.org/@tokenizer%2ftoken 625ms (cache miss)
195 silly packumentCache full:https://registry.npmjs.org/@tokenizer%2ftoken set size:undefined disposed:false
196 silly placeDep ROOT @tokenizer/token@0.3.0 OK for: strtok3@10.3.5 want: ^0.3.0
197 silly placeDep ROOT @borewit/text-codec@0.2.2 OK for: token-types@6.1.2 want: ^0.2.1
198 silly reify mark retired [
198 silly reify   'C:\\Users\\pc\\Downloads\\vjs\\backend\\node_modules\\@nestjs\\common'
198 silly reify ]
199 silly reify mark retired [
199 silly reify   'C:\\Users\\pc\\Downloads\\vjs\\backend\\node_modules\\@tokenizer\\inflate'
199 silly reify ]
200 silly reify mark retired [ 'C:\\Users\\pc\\Downloads\\vjs\\backend\\node_modules\\fflate' ]
201 silly reify mark retired [ 'C:\\Users\\pc\\Downloads\\vjs\\backend\\node_modules\\file-type' ]
202 silly reify moves {
202 silly reify   'C:\\Users\\pc\\Downloads\\vjs\\backend\\node_modules\\@nestjs\\common': 'C:\\Users\\pc\\Downloads\\vjs\\backend\\node_modules\\@nestjs\\.common-K33O32de',
202 silly reify   'C:\\Users\\pc\\Downloads\\vjs\\backend\\node_modules\\@tokenizer\\inflate': 'C:\\Users\\pc\\Downloads\\vjs\\backend\\node_modules\\@tokenizer\\.inflate-c0y3CFy0',
202 silly reify   'C:\\Users\\pc\\Downloads\\vjs\\backend\\node_modules\\fflate': 'C:\\Users\\pc\\Downloads\\vjs\\backend\\node_modules\\.fflate-MK5AJUGm',
202 silly reify   'C:\\Users\\pc\\Downloads\\vjs\\backend\\node_modules\\file-type': 'C:\\Users\\pc\\Downloads\\vjs\\backend\\node_modules\\.file-type-9ytIxcnd'
202 silly reify }
203 silly audit bulk request {
203 silly audit   '@angular-devkit/core': [ '19.2.27', '19.2.24' ],
203 silly audit   'ajv-formats': [ '3.0.1', '2.1.1' ],
203 silly audit   rxjs: [ '7.8.1', '7.8.2' ],
203 silly audit   '@angular-devkit/schematics': [ '19.2.27', '19.2.24' ],
203 silly audit   '@angular-devkit/schematics-cli': [ '19.2.27' ],
203 silly audit   '@inquirer/prompts': [ '7.3.2', '7.10.1' ],
203 silly audit   '@babel/code-frame': [ '7.29.7' ],
203 silly audit   '@babel/helper-validator-identifier': [ '7.29.7' ],
203 silly audit   '@colors/colors': [ '1.5.0' ],
203 silly audit   '@cspotcode/source-map-support': [ '0.8.1' ],
203 silly audit   '@eslint-community/eslint-utils': [ '4.9.1' ],
203 silly audit   '@eslint-community/regexpp': [ '4.12.2' ],
203 silly audit   '@eslint/config-array': [ '0.21.2' ],
203 silly audit   'balanced-match': [ '1.0.2', '4.0.4' ],
203 silly audit   'brace-expansion': [ '1.1.15', '5.0.6' ],
203 silly audit   minimatch: [ '3.1.5', '10.2.5' ],
203 silly audit   '@eslint/config-helpers': [ '0.4.2' ],
203 silly audit   '@eslint/core': [ '0.17.0' ],
203 silly audit   '@eslint/eslintrc': [ '3.3.5' ],
203 silly audit   ajv: [ '6.15.0', '8.18.0' ],
203 silly audit   ignore: [ '5.3.2', '7.0.5' ],
203 silly audit   'json-schema-traverse': [ '0.4.1', '1.0.0' ],
203 silly audit   '@eslint/js': [ '9.39.4' ],
203 silly audit   '@eslint/object-schema': [ '2.1.7' ],
203 silly audit   '@eslint/plugin-kit': [ '0.4.1' ],
203 silly audit   '@humanfs/core': [ '0.19.2' ],
203 silly audit   '@humanfs/node': [ '0.16.8' ],
203 silly audit   '@humanfs/types': [ '0.15.0' ],
203 silly audit   '@humanwhocodes/module-importer': [ '1.0.1' ],
203 silly audit   '@humanwhocodes/retry': [ '0.4.3' ],
203 silly audit   '@inquirer/ansi': [ '1.0.2' ],
203 silly audit   '@inquirer/checkbox': [ '4.3.2' ],
203 silly audit   '@inquirer/confirm': [ '5.1.21' ],
203 silly audit   '@inquirer/core': [ '10.3.2' ],
203 silly audit   '@inquirer/editor': [ '4.2.23' ],
203 silly audit   '@inquirer/expand': [ '4.0.23' ],
203 silly audit   '@inquirer/external-editor': [ '1.0.3' ],
203 silly audit   '@inquirer/figures': [ '1.0.15' ],
203 silly audit   '@inquirer/input': [ '4.3.1' ],
203 silly audit   '@inquirer/number': [ '3.0.23' ],
203 silly audit   '@inquirer/password': [ '4.0.23' ],
203 silly audit   '@inquirer/rawlist': [ '4.1.11' ],
203 silly audit   '@inquirer/search': [ '3.2.2' ],
203 silly audit   '@inquirer/select': [ '4.4.2' ],
203 silly audit   '@inquirer/type': [ '3.0.10' ],
203 silly audit   '@jridgewell/gen-mapping': [ '0.3.13' ],
203 silly audit   '@jridgewell/trace-mapping': [ '0.3.31', '0.3.9' ],
203 silly audit   '@jridgewell/resolve-uri': [ '3.1.2' ],
203 silly audit   '@jridgewell/source-map': [ '0.3.11' ],
203 silly audit   '@jridgewell/sourcemap-codec': [ '1.5.5' ],
203 silly audit   '@lukeed/csprng': [ '1.1.0' ],
203 silly audit   'eslint-scope': [ '8.4.0', '5.1.1' ],
203 silly audit   estraverse: [ '5.3.0', '4.3.0' ],
203 silly audit   'schema-utils': [ '3.3.0', '4.3.3' ],
203 silly audit   webpack: [ '5.107.2', '5.106.2' ],
203 silly audit   '@tsconfig/node10': [ '1.0.12' ],
203 silly audit   '@tsconfig/node12': [ '1.0.11' ],
203 silly audit   '@tsconfig/node14': [ '1.0.3' ],
203 silly audit   '@tsconfig/node16': [ '1.0.4' ],
203 silly audit   '@types/body-parser': [ '1.19.6' ],
203 silly audit   '@types/connect': [ '3.4.38' ],
203 silly audit   '@types/eslint': [ '9.6.1' ],
203 silly audit   '@types/eslint-scope': [ '3.7.7' ],
203 silly audit   '@types/estree': [ '1.0.9' ],
203 silly audit   '@types/express': [ '4.17.25' ],
203 silly audit   '@types/express-serve-static-core': [ '4.19.8' ],
203 silly audit   '@types/http-errors': [ '2.0.5' ],
203 silly audit   '@types/json-schema': [ '7.0.15' ],
203 silly audit   '@types/mime': [ '1.3.5' ],
203 silly audit   '@types/node': [ '20.19.43' ],
203 silly audit   '@types/qs': [ '6.15.1' ],
203 silly audit   '@types/range-parser': [ '1.2.7' ],
203 silly audit   '@types/send': [ '1.2.1', '0.17.6' ],
203 silly audit   '@types/serve-static': [ '1.15.10' ],
203 silly audit   '@types/validator': [ '13.15.10' ],
203 silly audit   '@typescript-eslint/eslint-plugin': [ '8.61.1' ],
203 silly audit   '@typescript-eslint/parser': [ '8.61.1' ],
203 silly audit   '@typescript-eslint/project-service': [ '8.61.1' ],
203 silly audit   '@typescript-eslint/scope-manager': [ '8.61.1' ],
203 silly audit   '@typescript-eslint/tsconfig-utils': [ '8.61.1' ],
203 silly audit   '@typescript-eslint/type-utils': [ '8.61.1' ],
203 silly audit   '@typescript-eslint/types': [ '8.61.1' ],
203 silly audit   '@typescript-eslint/typescript-estree': [ '8.61.1' ],
203 silly audit   '@typescript-eslint/utils': [ '8.61.1' ],
203 silly audit   '@typescript-eslint/visitor-keys': [ '8.61.1' ],
203 silly audit   'eslint-visitor-keys': [ '5.0.1', '3.4.3', '4.2.1' ],
203 silly audit   '@webassemblyjs/ast': [ '1.14.1' ],
203 silly audit   '@webassemblyjs/floating-point-hex-parser': [ '1.13.2' ],
203 silly audit   '@webassemblyjs/helper-api-error': [ '1.13.2' ],
203 silly audit   '@webassemblyjs/helper-buffer': [ '1.14.1' ],
203 silly audit   '@webassemblyjs/helper-numbers': [ '1.13.2' ],
203 silly audit   '@webassemblyjs/helper-wasm-bytecode': [ '1.13.2' ],
203 silly audit   '@webassemblyjs/helper-wasm-section': [ '1.14.1' ],
203 silly audit   '@webassemblyjs/ieee754': [ '1.13.2' ],
203 silly audit   '@webassemblyjs/leb128': [ '1.13.2' ],
203 silly audit   '@webassemblyjs/utf8': [ '1.13.2' ],
203 silly audit   '@webassemblyjs/wasm-edit': [ '1.14.1' ],
203 silly audit   '@webassemblyjs/wasm-gen': [ '1.14.1' ],
203 silly audit   '@webassemblyjs/wasm-opt': [ '1.14.1' ],
203 silly audit   '@webassemblyjs/wasm-parser': [ '1.14.1' ],
203 silly audit   '@webassemblyjs/wast-printer': [ '1.14.1' ],
203 silly audit   '@xtuc/ieee754': [ '1.2.0' ],
203 silly audit   '@xtuc/long': [ '4.2.2' ],
203 silly audit   accepts: [ '2.0.0' ],
203 silly audit   acorn: [ '8.17.0' ],
203 silly audit   'acorn-import-phases': [ '1.0.4' ],
203 silly audit   'acorn-jsx': [ '5.3.2' ],
203 silly audit   'acorn-walk': [ '8.3.5' ],
203 silly audit   'ajv-keywords': [ '5.1.0', '3.5.2' ],
203 silly audit   'ansi-colors': [ '4.1.3' ],
203 silly audit   'ansi-regex': [ '5.0.1' ],
203 silly audit   'ansi-styles': [ '4.3.0' ],
203 silly audit   ansis: [ '4.2.0' ],
203 silly audit   'append-field': [ '1.0.0' ],
203 silly audit   arg: [ '4.1.3' ],
203 silly audit   argparse: [ '2.0.1' ],
203 silly audit   'array-timsort': [ '1.0.3' ],
203 silly audit   'base64-js': [ '1.5.1' ],
203 silly audit   'baseline-browser-mapping': [ '2.10.38' ],
203 silly audit   bcryptjs: [ '2.4.3' ],
203 silly audit   bl: [ '4.1.0' ],
203 silly audit   'body-parser': [ '2.3.0' ],
203 silly audit   'content-type': [ '2.0.0', '1.0.5' ],
203 silly audit   braces: [ '3.0.3' ],
203 silly audit   browserslist: [ '4.28.2' ],
203 silly audit   buffer: [ '5.7.1' ],
203 silly audit   'buffer-from': [ '1.1.2' ],
203 silly audit   busboy: [ '1.6.0' ],
203 silly audit   bytes: [ '3.1.2' ],
203 silly audit   'call-bind-apply-helpers': [ '1.0.2' ],
203 silly audit   'call-bound': [ '1.0.4' ],
203 silly audit   callsites: [ '3.1.0' ],
203 silly audit   'caniuse-lite': [ '1.0.30001799' ],
203 silly audit   chalk: [ '4.1.2' ],
203 silly audit   chardet: [ '2.1.1' ],
203 silly audit   chokidar: [ '4.0.3' ],
203 silly audit   'chrome-trace-event': [ '1.0.4' ],
203 silly audit   'class-transformer': [ '0.5.1' ],
203 silly audit   'class-validator': [ '0.14.4' ],
203 silly audit   'cli-cursor': [ '3.1.0' ],
203 silly audit   'cli-spinners': [ '2.9.2' ],
203 silly audit   'cli-table3': [ '0.6.5' ],
203 silly audit   'cli-width': [ '4.1.0' ],
203 silly audit   clone: [ '1.0.4' ],
203 silly audit   'color-convert': [ '2.0.1' ],
203 silly audit   'color-name': [ '1.1.4' ],
203 silly audit   commander: [ '4.1.1', '2.20.3' ],
203 silly audit   'comment-json': [ '5.0.0' ],
203 silly audit   'concat-map': [ '0.0.1' ],
203 silly audit   'concat-stream': [ '2.0.0' ],
203 silly audit   'content-disposition': [ '1.1.0' ],
203 silly audit   cookie: [ '0.7.2' ],
203 silly audit   'cookie-signature': [ '1.2.2' ],
203 silly audit   cors: [ '2.8.6' ],
203 silly audit   cosmiconfig: [ '8.3.6' ],
203 silly audit   'create-require': [ '1.1.1' ],
203 silly audit   'cross-spawn': [ '7.0.6' ],
203 silly audit   debug: [ '4.4.3' ],
203 silly audit   'deep-is': [ '0.1.4' ],
203 silly audit   deepmerge: [ '4.3.1' ],
203 silly audit   defaults: [ '1.0.4' ],
203 silly audit   depd: [ '2.0.0' ],
203 silly audit   diff: [ '4.0.4' ],
203 silly audit   'dunder-proto': [ '1.0.1' ],
203 silly audit   'ee-first': [ '1.1.1' ],
203 silly audit   'electron-to-chromium': [ '1.5.375' ],
203 silly audit   'emoji-regex': [ '8.0.0' ],
203 silly audit   encodeurl: [ '2.0.0' ],
203 silly audit   'enhanced-resolve': [ '5.24.0' ],
203 silly audit   'error-ex': [ '1.3.4' ],
203 silly audit   'es-define-property': [ '1.0.1' ],
203 silly audit   'es-errors': [ '1.3.0' ],
203 silly audit   'es-module-lexer': [ '2.1.0' ],
203 silly audit   'es-object-atoms': [ '1.1.2' ],
203 silly audit   escalade: [ '3.2.0' ],
203 silly audit   'escape-html': [ '1.0.3' ],
203 silly audit   'escape-string-regexp': [ '4.0.0' ],
203 silly audit   eslint: [ '9.39.4' ],
203 silly audit   'eslint-config-prettier': [ '9.1.2' ],
203 silly audit   'glob-parent': [ '6.0.2' ],
203 silly audit   espree: [ '10.4.0' ],
203 silly audit   esprima: [ '4.0.1' ],
203 silly audit   esquery: [ '1.7.0' ],
203 silly audit   esrecurse: [ '4.3.0' ],
203 silly audit   esutils: [ '2.0.3' ],
203 silly audit   etag: [ '1.8.1' ],
203 silly audit   events: [ '3.3.0' ],
203 silly audit   express: [ '5.2.1' ],
203 silly audit   'fast-deep-equal': [ '3.1.3' ],
203 silly audit   'fast-json-stable-stringify': [ '2.1.0' ],
203 silly audit   'fast-levenshtein': [ '2.0.6' ],
203 silly audit   'fast-safe-stringify': [ '2.1.1' ],
203 silly audit   'fast-uri': [ '3.1.2' ],
203 silly audit   fdir: [ '6.5.0' ],
203 silly audit   'file-entry-cache': [ '8.0.0' ],
203 silly audit   'fill-range': [ '7.1.1' ],
203 silly audit   finalhandler: [ '2.1.1' ],
203 silly audit   'find-up': [ '5.0.0' ],
203 silly audit   'flat-cache': [ '4.0.1' ],
203 silly audit   flatted: [ '3.4.2' ],
203 silly audit   'fork-ts-checker-webpack-plugin': [ '9.1.0' ],
203 silly audit   forwarded: [ '0.2.0' ],
203 silly audit   fresh: [ '2.0.0' ],
203 silly audit   'fs-extra': [ '10.1.0' ],
203 silly audit   'fs-monkey': [ '1.1.0' ],
203 silly audit   'function-bind': [ '1.1.2' ],
203 silly audit   'get-intrinsic': [ '1.3.0' ],
203 silly audit   'get-proto': [ '1.0.1' ],
203 silly audit   glob: [ '13.0.6' ],
203 silly audit   'glob-to-regexp': [ '0.4.1' ],
203 silly audit   globals: [ '14.0.0' ],
203 silly audit   gopd: [ '1.2.0' ],
203 silly audit   'graceful-fs': [ '4.2.11' ],
203 silly audit   'has-flag': [ '4.0.0' ],
203 silly audit   'has-symbols': [ '1.1.0' ],
203 silly audit   hasown: [ '2.0.4' ],
203 silly audit   'http-errors': [ '2.0.1' ],
203 silly audit   'iconv-lite': [ '0.7.2' ],
203 silly audit   ieee754: [ '1.2.1' ],
203 silly audit   'import-fresh': [ '3.3.1' ],
203 silly audit   imurmurhash: [ '0.1.4' ],
203 silly audit   inherits: [ '2.0.4' ],
203 silly audit   'ipaddr.js': [ '1.9.1' ],
203 silly audit   'is-arrayish': [ '0.2.1' ],
203 silly audit   'is-extglob': [ '2.1.1' ],
203 silly audit   'is-fullwidth-code-point': [ '3.0.0' ],
203 silly audit   'is-glob': [ '4.0.3' ],
203 silly audit   'is-interactive': [ '1.0.0' ],
203 silly audit   'is-number': [ '7.0.0' ],
203 silly audit   'is-promise': [ '4.0.0' ],
203 silly audit   'is-unicode-supported': [ '0.1.0' ],
203 silly audit   isexe: [ '2.0.0' ],
203 silly audit   iterare: [ '1.2.1' ],
203 silly audit   'jest-worker': [ '27.5.1' ],
203 silly audit   'supports-color': [ '8.1.1', '7.2.0' ],
203 silly audit   'js-tokens': [ '4.0.0' ],
203 silly audit   'js-yaml': [ '4.2.0' ],
203 silly audit   'json-buffer': [ '3.0.1' ],
203 silly audit   'json-parse-even-better-errors': [ '2.3.1' ],
203 silly audit   'json-stable-stringify-without-jsonify': [ '1.0.1' ],
203 silly audit   json5: [ '2.2.3' ],
203 silly audit   'jsonc-parser': [ '3.3.1' ],
203 silly audit   jsonfile: [ '6.2.1' ],
203 silly audit   keyv: [ '4.5.4' ],
203 silly audit   levn: [ '0.4.1' ],
203 silly audit   'libphonenumber-js': [ '1.13.6' ],
203 silly audit   'lines-and-columns': [ '1.2.4' ],
203 silly audit   'loader-runner': [ '4.3.2' ],
203 silly audit   'locate-path': [ '6.0.0' ],
203 silly audit   lodash: [ '4.18.1' ],
203 silly audit   'lodash.merge': [ '4.6.2' ],
203 silly audit   'log-symbols': [ '4.1.0' ],
203 silly audit   'lru-cache': [ '11.5.1' ],
203 silly audit   'magic-string': [ '0.30.17' ],
203 silly audit   'make-error': [ '1.3.6' ],
203 silly audit   'math-intrinsics': [ '1.1.0' ],
203 silly audit   'media-typer': [ '1.1.0', '0.3.0' ],
203 silly audit   memfs: [ '3.5.3' ],
203 silly audit   'merge-descriptors': [ '2.0.0' ],
203 silly audit   'merge-stream': [ '2.0.0' ],
203 silly audit   micromatch: [ '4.0.8' ],
203 silly audit   picomatch: [ '2.3.2', '4.0.4' ],
203 silly audit   'mime-db': [ '1.54.0', '1.52.0' ],
203 silly audit   'mime-types': [ '3.0.2', '2.1.35' ],
203 silly audit   'mimic-fn': [ '2.1.0' ],
203 silly audit   minimist: [ '1.2.8' ],
203 silly audit   minipass: [ '7.1.3' ],
203 silly audit   ms: [ '2.1.3' ],
203 silly audit   multer: [ '2.1.1' ],
203 silly audit   'type-is': [ '1.6.18', '2.1.0' ],
203 silly audit   'mute-stream': [ '2.0.0' ],
203 silly audit   'natural-compare': [ '1.4.0' ],
203 silly audit   negotiator: [ '1.0.0' ],
203 silly audit   'neo-async': [ '2.6.2' ],
203 silly audit   'node-abort-controller': [ '3.1.1' ],
203 silly audit   'node-emoji': [ '1.11.0' ],
203 silly audit   'node-releases': [ '2.0.48' ],
203 silly audit   'object-assign': [ '4.1.1' ],
203 silly audit   'object-inspect': [ '1.13.4' ],
203 silly audit   'on-finished': [ '2.4.1' ],
203 silly audit   once: [ '1.4.0' ],
203 silly audit   onetime: [ '5.1.2' ],
203 silly audit   optionator: [ '0.9.4' ],
203 silly audit   ora: [ '5.4.1' ],
203 silly audit   'p-limit': [ '3.1.0' ],
203 silly audit   'p-locate': [ '5.0.0' ],
203 silly audit   'parent-module': [ '1.0.1' ],
203 silly audit   'parse-json': [ '5.2.0' ],
203 silly audit   parseurl: [ '1.3.3' ],
203 silly audit   'path-exists': [ '4.0.0' ],
203 silly audit   'path-key': [ '3.1.1' ],
203 silly audit   'path-scurry': [ '2.0.2' ],
203 silly audit   'path-to-regexp': [ '8.4.2' ],
203 silly audit   'path-type': [ '4.0.0' ],
203 silly audit   picocolors: [ '1.1.1' ],
203 silly audit   pluralize: [ '8.0.0' ],
203 silly audit   'prelude-ls': [ '1.2.1' ],
203 silly audit   prettier: [ '3.8.4' ],
203 silly audit   'proxy-addr': [ '2.0.7' ],
203 silly audit   punycode: [ '2.3.1' ],
203 silly audit   qs: [ '6.15.2' ],
203 silly audit   'range-parser': [ '1.2.1' ],
203 silly audit   'raw-body': [ '3.0.2' ],
203 silly audit   'readable-stream': [ '3.6.2' ],
203 silly audit   readdirp: [ '4.1.2' ],
203 silly audit   'reflect-metadata': [ '0.2.2' ],
203 silly audit   'require-from-string': [ '2.0.2' ],
203 silly audit   'resolve-from': [ '4.0.0' ],
203 silly audit   'restore-cursor': [ '3.1.0' ],
203 silly audit   'signal-exit': [ '3.0.7', '4.1.0' ],
203 silly audit   router: [ '2.2.0' ],
203 silly audit   'safe-buffer': [ '5.2.1' ],
203 silly audit   'safer-buffer': [ '2.1.2' ],
203 silly audit   semver: [ '7.8.4' ],
203 silly audit   send: [ '1.2.1' ],
203 silly audit   'serve-static': [ '2.2.1' ],
203 silly audit   setprototypeof: [ '1.2.0' ],
203 silly audit   'shebang-command': [ '2.0.0' ],
203 silly audit   'shebang-regex': [ '3.0.0' ],
203 silly audit   'side-channel': [ '1.1.1' ],
203 silly audit   'side-channel-list': [ '1.0.1' ],
203 silly audit   'side-channel-map': [ '1.0.1' ],
203 silly audit   'side-channel-weakmap': [ '1.0.2' ],
203 silly audit   'source-map': [ '0.7.4', '0.6.1' ],
203 silly audit   'source-map-support': [ '0.5.21' ],
203 silly audit   statuses: [ '2.0.2' ],
203 silly audit   streamsearch: [ '1.1.0' ],
203 silly audit   string_decoder: [ '1.3.0' ],
203 silly audit   'string-width': [ '4.2.3' ],
203 silly audit   'strip-ansi': [ '6.0.1' ],
203 silly audit   'strip-bom': [ '3.0.0' ],
203 silly audit   'strip-json-comments': [ '3.1.1' ],
203 silly audit   'symbol-observable': [ '4.0.0' ],
203 silly audit   tapable: [ '2.3.3' ],
203 silly audit   terser: [ '5.48.0' ],
203 silly audit   'terser-webpack-plugin': [ '5.6.1' ],
203 silly audit   tinyglobby: [ '0.2.17' ],
203 silly audit   'to-regex-range': [ '5.0.1' ],
203 silly audit   toidentifier: [ '1.0.1' ],
203 silly audit   'ts-api-utils': [ '2.5.0' ],
203 silly audit   'ts-loader': [ '9.6.1' ],
203 silly audit   'ts-node': [ '10.9.2' ],
203 silly audit   'tsconfig-paths': [ '4.2.0' ],
203 silly audit   'tsconfig-paths-webpack-plugin': [ '4.2.0' ],
203 silly audit   tslib: [ '2.8.1' ],
203 silly audit   'type-check': [ '0.4.0' ],
203 silly audit   typedarray: [ '0.0.6' ],
203 silly audit   typescript: [ '5.9.3' ],
203 silly audit   'typescript-eslint': [ '8.61.1' ],
203 silly audit   uid: [ '2.0.2' ],
203 silly audit   'undici-types': [ '6.21.0' ],
203 silly audit   universalify: [ '2.0.1' ],
203 silly audit   unpipe: [ '1.0.0' ],
203 silly audit   'update-browserslist-db': [ '1.2.3' ],
203 silly audit   'uri-js': [ '4.4.1' ],
203 silly audit   'util-deprecate': [ '1.0.2' ],
203 silly audit   'v8-compile-cache-lib': [ '3.0.1' ],
203 silly audit   validator: [ '13.15.35' ],
203 silly audit   vary: [ '1.1.2' ],
203 silly audit   watchpack: [ '2.5.2' ],
203 silly audit   wcwidth: [ '1.0.1' ],
203 silly audit   'webpack-node-externals': [ '3.0.0' ],
203 silly audit   'webpack-sources': [ '3.5.0' ],
203 silly audit   which: [ '2.0.2' ],
203 silly audit   'word-wrap': [ '1.2.5' ],
203 silly audit   'wrap-ansi': [ '6.2.0' ],
203 silly audit   wrappy: [ '1.0.2' ],
203 silly audit   'yargs-parser': [ '21.1.1' ],
203 silly audit   yn: [ '3.1.1' ],
203 silly audit   'yocto-queue': [ '0.1.0' ],
203 silly audit   'yoctocolors-cjs': [ '2.1.3' ],
203 silly audit   '@nestjs/cli': [ '11.0.23' ],
203 silly audit   '@nestjs/common': [ '11.1.27' ],
203 silly audit   '@nestjs/core': [ '11.1.27' ],
203 silly audit   '@nestjs/mapped-types': [ '2.1.1' ],
203 silly audit   '@nestjs/platform-express': [ '11.1.27' ],
203 silly audit   '@nestjs/schematics': [ '11.1.0' ],
203 silly audit   '@nestjs/testing': [ '11.1.27' ],
203 silly audit   'file-type': [ '21.3.4' ],
203 silly audit   'load-esm': [ '1.0.3' ],
203 silly audit   '@tokenizer/inflate': [ '0.4.1' ],
203 silly audit   strtok3: [ '10.3.5' ],
203 silly audit   'token-types': [ '6.1.2' ],
203 silly audit   'uint8array-extras': [ '1.5.0' ],
203 silly audit   '@tokenizer/token': [ '0.3.0' ],
203 silly audit   '@borewit/text-codec': [ '0.2.2' ]
203 silly audit }
204 http cache load-esm@https://registry.npmjs.org/load-esm/-/load-esm-1.0.3.tgz 0ms (cache hit)
205 http cache file-type@https://registry.npmjs.org/file-type/-/file-type-21.3.4.tgz 0ms (cache hit)
206 http cache @tokenizer/inflate@https://registry.npmjs.org/@tokenizer/inflate/-/inflate-0.4.1.tgz 0ms (cache hit)
207 silly tarball no local data for load-esm@https://registry.npmjs.org/load-esm/-/load-esm-1.0.3.tgz. Extracting by manifest.
208 http cache @nestjs/common@https://registry.npmjs.org/@nestjs/common/-/common-11.1.27.tgz 0ms (cache hit)
209 silly tarball no local data for file-type@https://registry.npmjs.org/file-type/-/file-type-21.3.4.tgz. Extracting by manifest.
210 silly tarball no local data for @tokenizer/inflate@https://registry.npmjs.org/@tokenizer/inflate/-/inflate-0.4.1.tgz. Extracting by manifest.
211 silly tarball no local data for @nestjs/common@https://registry.npmjs.org/@nestjs/common/-/common-11.1.27.tgz. Extracting by manifest.
212 http fetch GET 200 https://registry.npmjs.org/load-esm/-/load-esm-1.0.3.tgz 190ms (cache miss)
213 http fetch GET 200 https://registry.npmjs.org/@tokenizer/inflate/-/inflate-0.4.1.tgz 233ms (cache miss)
214 http fetch GET 200 https://registry.npmjs.org/file-type/-/file-type-21.3.4.tgz 250ms (cache miss)
215 http fetch POST 200 https://registry.npmjs.org/-/npm/v1/security/advisories/bulk 285ms
216 silly audit report {
216 silly audit report   multer: [
216 silly audit report     {
216 silly audit report       id: 1121089,
216 silly audit report       url: 'https://github.com/advisories/GHSA-72gw-mp4g-v24j',
216 silly audit report       title: 'Multer vulnerable to Denial of Service via deeply nested field names',
216 silly audit report       severity: 'high',
216 silly audit report       vulnerable_versions: '>=1.0.0 <2.2.0',
216 silly audit report       cwe: [Array],
216 silly audit report       cvss: [Object]
216 silly audit report     },
216 silly audit report     {
216 silly audit report       id: 1121091,
216 silly audit report       url: 'https://github.com/advisories/GHSA-3p4h-7m6x-2hcm',
216 silly audit report       title: 'Multer vulnerable to Denial of Service via incomplete cleanup of aborted uploads',
216 silly audit report       severity: 'moderate',
216 silly audit report       vulnerable_versions: '>=2.0.0-alpha.1 <2.2.0',
216 silly audit report       cwe: [Array],
216 silly audit report       cvss: [Object]
216 silly audit report     }
216 silly audit report   ]
216 silly audit report }
217 silly packumentCache corgi:https://registry.npmjs.org/multer cache-miss
218 http cache https://registry.npmjs.org/multer 15ms (cache hit)
219 silly packumentCache corgi:https://registry.npmjs.org/multer set size:72380 disposed:false
220 silly packumentCache corgi:https://registry.npmjs.org/@nestjs%2fplatform-express cache-hit
221 silly packumentCache corgi:https://registry.npmjs.org/@nestjs%2fcore cache-hit
222 silly packumentCache corgi:https://registry.npmjs.org/@nestjs%2ftesting cache-hit
223 http fetch GET 200 https://registry.npmjs.org/@nestjs/common/-/common-11.1.27.tgz 2366ms (cache miss)
224 silly ADD node_modules/load-esm
225 silly CHANGE node_modules/file-type
226 silly REMOVE node_modules/fflate
227 silly CHANGE node_modules/@tokenizer/inflate
228 silly CHANGE node_modules/@nestjs/common
229 verbose cwd C:\Users\pc\Downloads\vjs\backend
230 verbose os Windows_NT 10.0.26200
231 verbose node v24.15.0
232 verbose npm  v11.12.1
233 verbose exit 0
234 info ok
