0 verbose cli C:\Program Files\nodejs\node.exe C:\Program Files\nodejs\node_modules\npm\bin\npm-cli.js
1 info using npm@11.12.1
2 info using node@v24.15.0
3 silly config load:file:C:\Program Files\nodejs\node_modules\npm\npmrc
4 silly config load:file:C:\Users\pc\Downloads\vjs\backend\.npmrc
5 silly config load:file:C:\Users\pc\.npmrc
6 silly config load:file:C:\Users\pc\AppData\Roaming\npm\etc\npmrc
7 verbose title npm audit
8 verbose argv "audit" "--omit" "dev" "--cache" "C:\\Users\\pc\\Downloads\\vjs\\.tmp\\npm-cache"
9 verbose logfile logs-max:10 dir:C:\Users\pc\Downloads\vjs\.tmp\npm-cache\_logs\2026-06-19T00_57_02_106Z-
10 verbose logfile C:\Users\pc\Downloads\vjs\.tmp\npm-cache\_logs\2026-06-19T00_57_02_106Z-debug-0.log
11 silly logfile done cleaning log files
12 silly packumentCache heap:4496293888 maxSize:1124073472 maxEntrySize:562036736
13 silly audit bulk request {
13 silly audit   rxjs: [ '7.8.2' ],
13 silly audit   '@borewit/text-codec': [ '0.2.2' ],
13 silly audit   '@lukeed/csprng': [ '1.1.0' ],
13 silly audit   '@nestjs/common': [ '11.1.27' ],
13 silly audit   '@nestjs/core': [ '11.1.27' ],
13 silly audit   '@nestjs/mapped-types': [ '2.1.1' ],
13 silly audit   '@nestjs/platform-express': [ '11.1.27' ],
13 silly audit   '@tokenizer/inflate': [ '0.4.1' ],
13 silly audit   '@tokenizer/token': [ '0.3.0' ],
13 silly audit   '@types/validator': [ '13.15.10' ],
13 silly audit   accepts: [ '2.0.0' ],
13 silly audit   'append-field': [ '1.0.0' ],
13 silly audit   bcryptjs: [ '2.4.3' ],
13 silly audit   'body-parser': [ '2.3.0' ],
13 silly audit   'content-type': [ '2.0.0', '1.0.5' ],
13 silly audit   'buffer-from': [ '1.1.2' ],
13 silly audit   busboy: [ '1.6.0' ],
13 silly audit   bytes: [ '3.1.2' ],
13 silly audit   'call-bind-apply-helpers': [ '1.0.2' ],
13 silly audit   'call-bound': [ '1.0.4' ],
13 silly audit   'class-transformer': [ '0.5.1' ],
13 silly audit   'class-validator': [ '0.14.4' ],
13 silly audit   'concat-stream': [ '2.0.0' ],
13 silly audit   'content-disposition': [ '1.1.0' ],
13 silly audit   cookie: [ '0.7.2' ],
13 silly audit   'cookie-signature': [ '1.2.2' ],
13 silly audit   cors: [ '2.8.6' ],
13 silly audit   debug: [ '4.4.3' ],
13 silly audit   depd: [ '2.0.0' ],
13 silly audit   'dunder-proto': [ '1.0.1' ],
13 silly audit   'ee-first': [ '1.1.1' ],
13 silly audit   encodeurl: [ '2.0.0' ],
13 silly audit   'es-define-property': [ '1.0.1' ],
13 silly audit   'es-errors': [ '1.3.0' ],
13 silly audit   'es-object-atoms': [ '1.1.2' ],
13 silly audit   'escape-html': [ '1.0.3' ],
13 silly audit   etag: [ '1.8.1' ],
13 silly audit   express: [ '5.2.1' ],
13 silly audit   'fast-safe-stringify': [ '2.1.1' ],
13 silly audit   'file-type': [ '21.3.4' ],
13 silly audit   finalhandler: [ '2.1.1' ],
13 silly audit   forwarded: [ '0.2.0' ],
13 silly audit   fresh: [ '2.0.0' ],
13 silly audit   'function-bind': [ '1.1.2' ],
13 silly audit   'get-intrinsic': [ '1.3.0' ],
13 silly audit   'get-proto': [ '1.0.1' ],
13 silly audit   gopd: [ '1.2.0' ],
13 silly audit   'has-symbols': [ '1.1.0' ],
13 silly audit   hasown: [ '2.0.4' ],
13 silly audit   'http-errors': [ '2.0.1' ],
13 silly audit   'iconv-lite': [ '0.7.2' ],
13 silly audit   ieee754: [ '1.2.1' ],
13 silly audit   inherits: [ '2.0.4' ],
13 silly audit   'ipaddr.js': [ '1.9.1' ],
13 silly audit   'is-promise': [ '4.0.0' ],
13 silly audit   iterare: [ '1.2.1' ],
13 silly audit   'libphonenumber-js': [ '1.13.6' ],
13 silly audit   'load-esm': [ '1.0.3' ],
13 silly audit   'math-intrinsics': [ '1.1.0' ],
13 silly audit   'media-typer': [ '1.1.0', '0.3.0' ],
13 silly audit   'merge-descriptors': [ '2.0.0' ],
13 silly audit   'mime-db': [ '1.54.0', '1.52.0' ],
13 silly audit   'mime-types': [ '3.0.2', '2.1.35' ],
13 silly audit   ms: [ '2.1.3' ],
13 silly audit   multer: [ '2.2.0' ],
13 silly audit   'type-is': [ '1.6.18', '2.1.0' ],
13 silly audit   negotiator: [ '1.0.0' ],
13 silly audit   'object-assign': [ '4.1.1' ],
13 silly audit   'object-inspect': [ '1.13.4' ],
13 silly audit   'on-finished': [ '2.4.1' ],
13 silly audit   once: [ '1.4.0' ],
13 silly audit   parseurl: [ '1.3.3' ],
13 silly audit   'path-to-regexp': [ '8.4.2' ],
13 silly audit   'proxy-addr': [ '2.0.7' ],
13 silly audit   qs: [ '6.15.2' ],
13 silly audit   'range-parser': [ '1.2.1' ],
13 silly audit   'raw-body': [ '3.0.2' ],
13 silly audit   'readable-stream': [ '3.6.2' ],
13 silly audit   'reflect-metadata': [ '0.2.2' ],
13 silly audit   router: [ '2.2.0' ],
13 silly audit   'safe-buffer': [ '5.2.1' ],
13 silly audit   'safer-buffer': [ '2.1.2' ],
13 silly audit   send: [ '1.2.1' ],
13 silly audit   'serve-static': [ '2.2.1' ],
13 silly audit   setprototypeof: [ '1.2.0' ],
13 silly audit   'side-channel': [ '1.1.1' ],
13 silly audit   'side-channel-list': [ '1.0.1' ],
13 silly audit   'side-channel-map': [ '1.0.1' ],
13 silly audit   'side-channel-weakmap': [ '1.0.2' ],
13 silly audit   statuses: [ '2.0.2' ],
13 silly audit   streamsearch: [ '1.1.0' ],
13 silly audit   string_decoder: [ '1.3.0' ],
13 silly audit   strtok3: [ '10.3.5' ],
13 silly audit   toidentifier: [ '1.0.1' ],
13 silly audit   'token-types': [ '6.1.2' ],
13 silly audit   tslib: [ '2.8.1' ],
13 silly audit   typedarray: [ '0.0.6' ],
13 silly audit   uid: [ '2.0.2' ],
13 silly audit   'uint8array-extras': [ '1.5.0' ],
13 silly audit   unpipe: [ '1.0.0' ],
13 silly audit   'util-deprecate': [ '1.0.2' ],
13 silly audit   validator: [ '13.15.35' ],
13 silly audit   vary: [ '1.1.2' ],
13 silly audit   wrappy: [ '1.0.2' ]
13 silly audit }
14 http fetch POST 200 https://registry.npmjs.org/-/npm/v1/security/advisories/bulk 422ms
15 silly audit report {}
16 verbose cwd C:\Users\pc\Downloads\vjs\backend
17 verbose os Windows_NT 10.0.26200
18 verbose node v24.15.0
19 verbose npm  v11.12.1
20 verbose exit 0
21 info ok
