0 verbose cli C:\Program Files\nodejs\node.exe C:\Program Files\nodejs\node_modules\npm\bin\npm-cli.js
1 info using npm@11.12.1
2 info using node@v24.15.0
3 silly config load:file:C:\Program Files\nodejs\node_modules\npm\npmrc
4 silly config load:file:C:\Users\pc\Downloads\vjs\frontend\.npmrc
5 silly config load:file:C:\Users\pc\.npmrc
6 silly config load:file:C:\Users\pc\AppData\Roaming\npm\etc\npmrc
7 verbose title npm audit
8 verbose argv "audit" "--omit" "dev" "--cache" "C:\\Users\\pc\\Downloads\\vjs\\.tmp\\npm-cache"
9 verbose logfile logs-max:10 dir:C:\Users\pc\Downloads\vjs\.tmp\npm-cache\_logs\2026-06-19T00_57_04_858Z-
10 verbose logfile C:\Users\pc\Downloads\vjs\.tmp\npm-cache\_logs\2026-06-19T00_57_04_858Z-debug-0.log
11 silly logfile start cleaning logs, removing 1 files
12 silly packumentCache heap:4496293888 maxSize:1124073472 maxEntrySize:562036736
13 silly logfile done cleaning log files
14 silly audit bulk request {
14 silly audit   '@babel/helper-string-parser': [ '7.29.7' ],
14 silly audit   '@babel/helper-validator-identifier': [ '7.29.7' ],
14 silly audit   '@babel/parser': [ '7.29.7' ],
14 silly audit   '@babel/types': [ '7.29.7' ],
14 silly audit   '@esbuild/aix-ppc64': [ '0.25.12' ],
14 silly audit   '@esbuild/android-arm': [ '0.25.12' ],
14 silly audit   '@esbuild/android-arm64': [ '0.25.12' ],
14 silly audit   '@esbuild/android-x64': [ '0.25.12' ],
14 silly audit   '@esbuild/darwin-arm64': [ '0.25.12' ],
14 silly audit   '@esbuild/darwin-x64': [ '0.25.12' ],
14 silly audit   '@esbuild/freebsd-arm64': [ '0.25.12' ],
14 silly audit   '@esbuild/freebsd-x64': [ '0.25.12' ],
14 silly audit   '@esbuild/linux-arm': [ '0.25.12' ],
14 silly audit   '@esbuild/linux-arm64': [ '0.25.12' ],
14 silly audit   '@esbuild/linux-ia32': [ '0.25.12' ],
14 silly audit   '@esbuild/linux-loong64': [ '0.25.12' ],
14 silly audit   '@esbuild/linux-mips64el': [ '0.25.12' ],
14 silly audit   '@esbuild/linux-ppc64': [ '0.25.12' ],
14 silly audit   '@esbuild/linux-riscv64': [ '0.25.12' ],
14 silly audit   '@esbuild/linux-s390x': [ '0.25.12' ],
14 silly audit   '@esbuild/linux-x64': [ '0.25.12' ],
14 silly audit   '@esbuild/netbsd-arm64': [ '0.25.12' ],
14 silly audit   '@esbuild/netbsd-x64': [ '0.25.12' ],
14 silly audit   '@esbuild/openbsd-arm64': [ '0.25.12' ],
14 silly audit   '@esbuild/openbsd-x64': [ '0.25.12' ],
14 silly audit   '@esbuild/openharmony-arm64': [ '0.25.12' ],
14 silly audit   '@esbuild/sunos-x64': [ '0.25.12' ],
14 silly audit   '@esbuild/win32-arm64': [ '0.25.12' ],
14 silly audit   '@esbuild/win32-ia32': [ '0.25.12' ],
14 silly audit   '@esbuild/win32-x64': [ '0.25.12' ],
14 silly audit   '@jridgewell/sourcemap-codec': [ '1.5.5' ],
14 silly audit   '@rollup/rollup-android-arm-eabi': [ '4.62.0' ],
14 silly audit   '@rollup/rollup-android-arm64': [ '4.62.0' ],
14 silly audit   '@rollup/rollup-darwin-arm64': [ '4.62.0' ],
14 silly audit   '@rollup/rollup-darwin-x64': [ '4.62.0' ],
14 silly audit   '@rollup/rollup-freebsd-arm64': [ '4.62.0' ],
14 silly audit   '@rollup/rollup-freebsd-x64': [ '4.62.0' ],
14 silly audit   '@rollup/rollup-linux-arm-gnueabihf': [ '4.62.0' ],
14 silly audit   '@rollup/rollup-linux-arm-musleabihf': [ '4.62.0' ],
14 silly audit   '@rollup/rollup-linux-arm64-gnu': [ '4.62.0' ],
14 silly audit   '@rollup/rollup-linux-arm64-musl': [ '4.62.0' ],
14 silly audit   '@rollup/rollup-linux-loong64-gnu': [ '4.62.0' ],
14 silly audit   '@rollup/rollup-linux-loong64-musl': [ '4.62.0' ],
14 silly audit   '@rollup/rollup-linux-ppc64-gnu': [ '4.62.0' ],
14 silly audit   '@rollup/rollup-linux-ppc64-musl': [ '4.62.0' ],
14 silly audit   '@rollup/rollup-linux-riscv64-gnu': [ '4.62.0' ],
14 silly audit   '@rollup/rollup-linux-riscv64-musl': [ '4.62.0' ],
14 silly audit   '@rollup/rollup-linux-s390x-gnu': [ '4.62.0' ],
14 silly audit   '@rollup/rollup-linux-x64-gnu': [ '4.62.0' ],
14 silly audit   '@rollup/rollup-linux-x64-musl': [ '4.62.0' ],
14 silly audit   '@rollup/rollup-openbsd-x64': [ '4.62.0' ],
14 silly audit   '@rollup/rollup-openharmony-arm64': [ '4.62.0' ],
14 silly audit   '@rollup/rollup-win32-arm64-msvc': [ '4.62.0' ],
14 silly audit   '@rollup/rollup-win32-ia32-msvc': [ '4.62.0' ],
14 silly audit   '@rollup/rollup-win32-x64-gnu': [ '4.62.0' ],
14 silly audit   '@rollup/rollup-win32-x64-msvc': [ '4.62.0' ],
14 silly audit   '@types/estree': [ '1.0.9' ],
14 silly audit   '@types/node': [ '22.19.21' ],
14 silly audit   '@vitejs/plugin-vue': [ '5.2.4' ],
14 silly audit   '@vue/compiler-core': [ '3.5.38' ],
14 silly audit   '@vue/compiler-dom': [ '3.5.38' ],
14 silly audit   '@vue/compiler-sfc': [ '3.5.38' ],
14 silly audit   '@vue/compiler-ssr': [ '3.5.38' ],
14 silly audit   '@vue/devtools-api': [ '6.6.4' ],
14 silly audit   '@vue/reactivity': [ '3.5.38' ],
14 silly audit   '@vue/runtime-core': [ '3.5.38' ],
14 silly audit   '@vue/runtime-dom': [ '3.5.38' ],
14 silly audit   '@vue/server-renderer': [ '3.5.38' ],
14 silly audit   '@vue/shared': [ '3.5.38' ],
14 silly audit   csstype: [ '3.2.3' ],
14 silly audit   entities: [ '7.0.1' ],
14 silly audit   esbuild: [ '0.25.12' ],
14 silly audit   'estree-walker': [ '2.0.2' ],
14 silly audit   fsevents: [ '2.3.3' ],
14 silly audit   jiti: [ '1.21.7' ],
14 silly audit   'lucide-vue-next': [ '0.468.0' ],
14 silly audit   'magic-string': [ '0.30.21' ],
14 silly audit   nanoid: [ '3.3.12' ],
14 silly audit   picocolors: [ '1.1.1' ],
14 silly audit   picomatch: [ '4.0.4' ],
14 silly audit   pinia: [ '2.3.1' ],
14 silly audit   postcss: [ '8.5.15' ],
14 silly audit   rollup: [ '4.62.0' ],
14 silly audit   'source-map-js': [ '1.2.1' ],
14 silly audit   tinyglobby: [ '0.2.17' ],
14 silly audit   fdir: [ '6.5.0' ],
14 silly audit   typescript: [ '5.9.3' ],
14 silly audit   'undici-types': [ '6.21.0' ],
14 silly audit   vite: [ '6.4.3' ],
14 silly audit   vue: [ '3.5.38' ],
14 silly audit   'vue-demi': [ '0.14.10' ],
14 silly audit   'vue-router': [ '4.6.4' ]
14 silly audit }
15 http fetch POST 200 https://registry.npmjs.org/-/npm/v1/security/advisories/bulk 456ms
16 silly audit report {}
17 verbose cwd C:\Users\pc\Downloads\vjs\frontend
18 verbose os Windows_NT 10.0.26200
19 verbose node v24.15.0
20 verbose npm  v11.12.1
21 verbose exit 0
22 info ok
